[0.144s] DEBUG:colcon:Command line arguments: ['/usr/bin/colcon', 'build', '--packages-select', 'tracking_bringup']
[0.144s] DEBUG:colcon:Parsed command line arguments: Namespace(log_base=None, log_level=None, verb_name='build', build_base='build', install_base='install', merge_install=False, symlink_install=False, test_result_base=None, continue_on_error=False, executor='parallel', parallel_workers=6, event_handlers=None, ignore_user_meta=False, metas=['./colcon.meta'], base_paths=['.'], packages_ignore=None, packages_ignore_regex=None, paths=None, packages_up_to=None, packages_up_to_regex=None, packages_above=None, packages_above_and_dependencies=None, packages_above_depth=None, packages_select_by_dep=None, packages_skip_by_dep=None, packages_skip_up_to=None, packages_select_build_failed=False, packages_skip_build_finished=False, packages_select_test_failures=False, packages_skip_test_passed=False, packages_select=['tracking_bringup'], packages_skip=None, packages_select_regex=None, packages_skip_regex=None, packages_start=None, packages_end=None, allow_overriding=[], cmake_args=None, cmake_target=None, cmake_target_skip_unavailable=False, cmake_clean_cache=False, cmake_clean_first=False, cmake_force_configure=False, ament_cmake_args=None, catkin_cmake_args=None, catkin_skip_building_tests=False, verb_parser=<colcon_defaults.argument_parser.defaults.DefaultArgumentsDecorator object at 0xed53ae2958b0>, verb_extension=<colcon_core.verb.build.BuildVerb object at 0xed53aed0c230>, main=<bound method BuildVerb.main of <colcon_core.verb.build.BuildVerb object at 0xed53aed0c230>>)
[0.189s] Level 1:colcon.colcon_core.package_discovery:discover_packages(colcon_meta) check parameters
[0.189s] Level 1:colcon.colcon_core.package_discovery:discover_packages(recursive) check parameters
[0.189s] Level 1:colcon.colcon_core.package_discovery:discover_packages(ignore) check parameters
[0.189s] Level 1:colcon.colcon_core.package_discovery:discover_packages(path) check parameters
[0.189s] Level 1:colcon.colcon_core.package_discovery:discover_packages(colcon_meta) discover
[0.189s] Level 1:colcon.colcon_core.package_discovery:discover_packages(recursive) discover
[0.189s] INFO:colcon.colcon_core.package_discovery:Crawling recursively for packages in '/home/katya/wspace/src'
[0.189s] Level 1:colcon.colcon_core.package_identification:_identify(.) by extensions ['ignore', 'ignore_ament_install']
[0.189s] Level 1:colcon.colcon_core.package_identification:_identify(.) by extension 'ignore'
[0.189s] Level 1:colcon.colcon_core.package_identification:_identify(.) by extension 'ignore_ament_install'
[0.189s] Level 1:colcon.colcon_core.package_identification:_identify(.) by extensions ['colcon_pkg']
[0.189s] Level 1:colcon.colcon_core.package_identification:_identify(.) by extension 'colcon_pkg'
[0.189s] Level 1:colcon.colcon_core.package_identification:_identify(.) by extensions ['colcon_meta']
[0.189s] Level 1:colcon.colcon_core.package_identification:_identify(.) by extension 'colcon_meta'
[0.189s] Level 1:colcon.colcon_core.package_identification:_identify(.) by extensions ['ros']
[0.189s] Level 1:colcon.colcon_core.package_identification:_identify(.) by extension 'ros'
[0.209s] Level 1:colcon.colcon_core.package_identification:_identify(.) by extensions ['cmake', 'python']
[0.209s] Level 1:colcon.colcon_core.package_identification:_identify(.) by extension 'cmake'
[0.209s] Level 1:colcon.colcon_core.package_identification:_identify(.) by extension 'python'
[0.209s] Level 1:colcon.colcon_core.package_identification:_identify(.) by extensions ['python_setup_py']
[0.209s] Level 1:colcon.colcon_core.package_identification:_identify(.) by extension 'python_setup_py'
[0.209s] Level 1:colcon.colcon_core.package_identification:_identify(build) by extensions ['ignore', 'ignore_ament_install']
[0.209s] Level 1:colcon.colcon_core.package_identification:_identify(build) by extension 'ignore'
[0.209s] Level 1:colcon.colcon_core.package_identification:_identify(build) ignored
[0.209s] Level 1:colcon.colcon_core.package_identification:_identify(external_tracking) by extensions ['ignore', 'ignore_ament_install']
[0.210s] Level 1:colcon.colcon_core.package_identification:_identify(external_tracking) by extension 'ignore'
[0.210s] Level 1:colcon.colcon_core.package_identification:_identify(external_tracking) by extension 'ignore_ament_install'
[0.210s] Level 1:colcon.colcon_core.package_identification:_identify(external_tracking) by extensions ['colcon_pkg']
[0.210s] Level 1:colcon.colcon_core.package_identification:_identify(external_tracking) by extension 'colcon_pkg'
[0.210s] Level 1:colcon.colcon_core.package_identification:_identify(external_tracking) by extensions ['colcon_meta']
[0.210s] Level 1:colcon.colcon_core.package_identification:_identify(external_tracking) by extension 'colcon_meta'
[0.210s] Level 1:colcon.colcon_core.package_identification:_identify(external_tracking) by extensions ['ros']
[0.210s] Level 1:colcon.colcon_core.package_identification:_identify(external_tracking) by extension 'ros'
[0.210s] Level 1:colcon.colcon_core.package_identification:_identify(external_tracking) by extensions ['cmake', 'python']
[0.210s] Level 1:colcon.colcon_core.package_identification:_identify(external_tracking) by extension 'cmake'
[0.210s] Level 1:colcon.colcon_core.package_identification:_identify(external_tracking) by extension 'python'
[0.210s] Level 1:colcon.colcon_core.package_identification:_identify(external_tracking) by extensions ['python_setup_py']
[0.210s] Level 1:colcon.colcon_core.package_identification:_identify(external_tracking) by extension 'python_setup_py'
[0.210s] Level 1:colcon.colcon_core.package_identification:_identify(install) by extensions ['ignore', 'ignore_ament_install']
[0.210s] Level 1:colcon.colcon_core.package_identification:_identify(install) by extension 'ignore'
[0.210s] Level 1:colcon.colcon_core.package_identification:_identify(install) ignored
[0.210s] Level 1:colcon.colcon_core.package_identification:_identify(log) by extensions ['ignore', 'ignore_ament_install']
[0.210s] Level 1:colcon.colcon_core.package_identification:_identify(log) by extension 'ignore'
[0.210s] Level 1:colcon.colcon_core.package_identification:_identify(log) ignored
[0.210s] Level 1:colcon.colcon_core.package_identification:_identify(tracking_assets) by extensions ['ignore', 'ignore_ament_install']
[0.210s] Level 1:colcon.colcon_core.package_identification:_identify(tracking_assets) by extension 'ignore'
[0.210s] Level 1:colcon.colcon_core.package_identification:_identify(tracking_assets) by extension 'ignore_ament_install'
[0.210s] Level 1:colcon.colcon_core.package_identification:_identify(tracking_assets) by extensions ['colcon_pkg']
[0.210s] Level 1:colcon.colcon_core.package_identification:_identify(tracking_assets) by extension 'colcon_pkg'
[0.210s] Level 1:colcon.colcon_core.package_identification:_identify(tracking_assets) by extensions ['colcon_meta']
[0.210s] Level 1:colcon.colcon_core.package_identification:_identify(tracking_assets) by extension 'colcon_meta'
[0.210s] Level 1:colcon.colcon_core.package_identification:_identify(tracking_assets) by extensions ['ros']
[0.210s] Level 1:colcon.colcon_core.package_identification:_identify(tracking_assets) by extension 'ros'
[0.210s] Level 1:colcon.colcon_core.package_identification:_identify(tracking_assets) by extensions ['cmake', 'python']
[0.210s] Level 1:colcon.colcon_core.package_identification:_identify(tracking_assets) by extension 'cmake'
[0.210s] Level 1:colcon.colcon_core.package_identification:_identify(tracking_assets) by extension 'python'
[0.210s] Level 1:colcon.colcon_core.package_identification:_identify(tracking_assets) by extensions ['python_setup_py']
[0.210s] Level 1:colcon.colcon_core.package_identification:_identify(tracking_assets) by extension 'python_setup_py'
[0.210s] Level 1:colcon.colcon_core.package_identification:_identify(tracking_assets/markers) by extensions ['ignore', 'ignore_ament_install']
[0.210s] Level 1:colcon.colcon_core.package_identification:_identify(tracking_assets/markers) by extension 'ignore'
[0.210s] Level 1:colcon.colcon_core.package_identification:_identify(tracking_assets/markers) by extension 'ignore_ament_install'
[0.210s] Level 1:colcon.colcon_core.package_identification:_identify(tracking_assets/markers) by extensions ['colcon_pkg']
[0.210s] Level 1:colcon.colcon_core.package_identification:_identify(tracking_assets/markers) by extension 'colcon_pkg'
[0.210s] Level 1:colcon.colcon_core.package_identification:_identify(tracking_assets/markers) by extensions ['colcon_meta']
[0.210s] Level 1:colcon.colcon_core.package_identification:_identify(tracking_assets/markers) by extension 'colcon_meta'
[0.210s] Level 1:colcon.colcon_core.package_identification:_identify(tracking_assets/markers) by extensions ['ros']
[0.210s] Level 1:colcon.colcon_core.package_identification:_identify(tracking_assets/markers) by extension 'ros'
[0.210s] Level 1:colcon.colcon_core.package_identification:_identify(tracking_assets/markers) by extensions ['cmake', 'python']
[0.210s] Level 1:colcon.colcon_core.package_identification:_identify(tracking_assets/markers) by extension 'cmake'
[0.210s] Level 1:colcon.colcon_core.package_identification:_identify(tracking_assets/markers) by extension 'python'
[0.210s] Level 1:colcon.colcon_core.package_identification:_identify(tracking_assets/markers) by extensions ['python_setup_py']
[0.210s] Level 1:colcon.colcon_core.package_identification:_identify(tracking_assets/markers) by extension 'python_setup_py'
[0.211s] Level 1:colcon.colcon_core.package_identification:_identify(tracking_assets/markers/apriltag) by extensions ['ignore', 'ignore_ament_install']
[0.211s] Level 1:colcon.colcon_core.package_identification:_identify(tracking_assets/markers/apriltag) by extension 'ignore'
[0.211s] Level 1:colcon.colcon_core.package_identification:_identify(tracking_assets/markers/apriltag) by extension 'ignore_ament_install'
[0.211s] Level 1:colcon.colcon_core.package_identification:_identify(tracking_assets/markers/apriltag) by extensions ['colcon_pkg']
[0.211s] Level 1:colcon.colcon_core.package_identification:_identify(tracking_assets/markers/apriltag) by extension 'colcon_pkg'
[0.211s] Level 1:colcon.colcon_core.package_identification:_identify(tracking_assets/markers/apriltag) by extensions ['colcon_meta']
[0.211s] Level 1:colcon.colcon_core.package_identification:_identify(tracking_assets/markers/apriltag) by extension 'colcon_meta'
[0.211s] Level 1:colcon.colcon_core.package_identification:_identify(tracking_assets/markers/apriltag) by extensions ['ros']
[0.211s] Level 1:colcon.colcon_core.package_identification:_identify(tracking_assets/markers/apriltag) by extension 'ros'
[0.211s] Level 1:colcon.colcon_core.package_identification:_identify(tracking_assets/markers/apriltag) by extensions ['cmake', 'python']
[0.211s] Level 1:colcon.colcon_core.package_identification:_identify(tracking_assets/markers/apriltag) by extension 'cmake'
[0.211s] Level 1:colcon.colcon_core.package_identification:_identify(tracking_assets/markers/apriltag) by extension 'python'
[0.211s] Level 1:colcon.colcon_core.package_identification:_identify(tracking_assets/markers/apriltag) by extensions ['python_setup_py']
[0.211s] Level 1:colcon.colcon_core.package_identification:_identify(tracking_assets/markers/apriltag) by extension 'python_setup_py'
[0.211s] Level 1:colcon.colcon_core.package_identification:_identify(tracking_assets/markers/aruco) by extensions ['ignore', 'ignore_ament_install']
[0.211s] Level 1:colcon.colcon_core.package_identification:_identify(tracking_assets/markers/aruco) by extension 'ignore'
[0.211s] Level 1:colcon.colcon_core.package_identification:_identify(tracking_assets/markers/aruco) by extension 'ignore_ament_install'
[0.211s] Level 1:colcon.colcon_core.package_identification:_identify(tracking_assets/markers/aruco) by extensions ['colcon_pkg']
[0.211s] Level 1:colcon.colcon_core.package_identification:_identify(tracking_assets/markers/aruco) by extension 'colcon_pkg'
[0.211s] Level 1:colcon.colcon_core.package_identification:_identify(tracking_assets/markers/aruco) by extensions ['colcon_meta']
[0.211s] Level 1:colcon.colcon_core.package_identification:_identify(tracking_assets/markers/aruco) by extension 'colcon_meta'
[0.211s] Level 1:colcon.colcon_core.package_identification:_identify(tracking_assets/markers/aruco) by extensions ['ros']
[0.211s] Level 1:colcon.colcon_core.package_identification:_identify(tracking_assets/markers/aruco) by extension 'ros'
[0.211s] Level 1:colcon.colcon_core.package_identification:_identify(tracking_assets/markers/aruco) by extensions ['cmake', 'python']
[0.211s] Level 1:colcon.colcon_core.package_identification:_identify(tracking_assets/markers/aruco) by extension 'cmake'
[0.211s] Level 1:colcon.colcon_core.package_identification:_identify(tracking_assets/markers/aruco) by extension 'python'
[0.211s] Level 1:colcon.colcon_core.package_identification:_identify(tracking_assets/markers/aruco) by extensions ['python_setup_py']
[0.211s] Level 1:colcon.colcon_core.package_identification:_identify(tracking_assets/markers/aruco) by extension 'python_setup_py'
[0.211s] Level 1:colcon.colcon_core.package_identification:_identify(tracking_assets/markers/aruco/DICT_4X4_50) by extensions ['ignore', 'ignore_ament_install']
[0.211s] Level 1:colcon.colcon_core.package_identification:_identify(tracking_assets/markers/aruco/DICT_4X4_50) by extension 'ignore'
[0.211s] Level 1:colcon.colcon_core.package_identification:_identify(tracking_assets/markers/aruco/DICT_4X4_50) by extension 'ignore_ament_install'
[0.211s] Level 1:colcon.colcon_core.package_identification:_identify(tracking_assets/markers/aruco/DICT_4X4_50) by extensions ['colcon_pkg']
[0.211s] Level 1:colcon.colcon_core.package_identification:_identify(tracking_assets/markers/aruco/DICT_4X4_50) by extension 'colcon_pkg'
[0.211s] Level 1:colcon.colcon_core.package_identification:_identify(tracking_assets/markers/aruco/DICT_4X4_50) by extensions ['colcon_meta']
[0.211s] Level 1:colcon.colcon_core.package_identification:_identify(tracking_assets/markers/aruco/DICT_4X4_50) by extension 'colcon_meta'
[0.211s] Level 1:colcon.colcon_core.package_identification:_identify(tracking_assets/markers/aruco/DICT_4X4_50) by extensions ['ros']
[0.211s] Level 1:colcon.colcon_core.package_identification:_identify(tracking_assets/markers/aruco/DICT_4X4_50) by extension 'ros'
[0.211s] Level 1:colcon.colcon_core.package_identification:_identify(tracking_assets/markers/aruco/DICT_4X4_50) by extensions ['cmake', 'python']
[0.211s] Level 1:colcon.colcon_core.package_identification:_identify(tracking_assets/markers/aruco/DICT_4X4_50) by extension 'cmake'
[0.211s] Level 1:colcon.colcon_core.package_identification:_identify(tracking_assets/markers/aruco/DICT_4X4_50) by extension 'python'
[0.211s] Level 1:colcon.colcon_core.package_identification:_identify(tracking_assets/markers/aruco/DICT_4X4_50) by extensions ['python_setup_py']
[0.211s] Level 1:colcon.colcon_core.package_identification:_identify(tracking_assets/markers/aruco/DICT_4X4_50) by extension 'python_setup_py'
[0.211s] Level 1:colcon.colcon_core.package_identification:_identify(tracking_assets/models) by extensions ['ignore', 'ignore_ament_install']
[0.211s] Level 1:colcon.colcon_core.package_identification:_identify(tracking_assets/models) by extension 'ignore'
[0.211s] Level 1:colcon.colcon_core.package_identification:_identify(tracking_assets/models) by extension 'ignore_ament_install'
[0.211s] Level 1:colcon.colcon_core.package_identification:_identify(tracking_assets/models) by extensions ['colcon_pkg']
[0.211s] Level 1:colcon.colcon_core.package_identification:_identify(tracking_assets/models) by extension 'colcon_pkg'
[0.211s] Level 1:colcon.colcon_core.package_identification:_identify(tracking_assets/models) by extensions ['colcon_meta']
[0.211s] Level 1:colcon.colcon_core.package_identification:_identify(tracking_assets/models) by extension 'colcon_meta'
[0.211s] Level 1:colcon.colcon_core.package_identification:_identify(tracking_assets/models) by extensions ['ros']
[0.211s] Level 1:colcon.colcon_core.package_identification:_identify(tracking_assets/models) by extension 'ros'
[0.212s] Level 1:colcon.colcon_core.package_identification:_identify(tracking_assets/models) by extensions ['cmake', 'python']
[0.212s] Level 1:colcon.colcon_core.package_identification:_identify(tracking_assets/models) by extension 'cmake'
[0.212s] Level 1:colcon.colcon_core.package_identification:_identify(tracking_assets/models) by extension 'python'
[0.212s] Level 1:colcon.colcon_core.package_identification:_identify(tracking_assets/models) by extensions ['python_setup_py']
[0.212s] Level 1:colcon.colcon_core.package_identification:_identify(tracking_assets/models) by extension 'python_setup_py'
[0.212s] Level 1:colcon.colcon_core.package_identification:_identify(tracking_assets/models/generated) by extensions ['ignore', 'ignore_ament_install']
[0.212s] Level 1:colcon.colcon_core.package_identification:_identify(tracking_assets/models/generated) by extension 'ignore'
[0.212s] Level 1:colcon.colcon_core.package_identification:_identify(tracking_assets/models/generated) by extension 'ignore_ament_install'
[0.212s] Level 1:colcon.colcon_core.package_identification:_identify(tracking_assets/models/generated) by extensions ['colcon_pkg']
[0.212s] Level 1:colcon.colcon_core.package_identification:_identify(tracking_assets/models/generated) by extension 'colcon_pkg'
[0.212s] Level 1:colcon.colcon_core.package_identification:_identify(tracking_assets/models/generated) by extensions ['colcon_meta']
[0.212s] Level 1:colcon.colcon_core.package_identification:_identify(tracking_assets/models/generated) by extension 'colcon_meta'
[0.212s] Level 1:colcon.colcon_core.package_identification:_identify(tracking_assets/models/generated) by extensions ['ros']
[0.212s] Level 1:colcon.colcon_core.package_identification:_identify(tracking_assets/models/generated) by extension 'ros'
[0.212s] Level 1:colcon.colcon_core.package_identification:_identify(tracking_assets/models/generated) by extensions ['cmake', 'python']
[0.212s] Level 1:colcon.colcon_core.package_identification:_identify(tracking_assets/models/generated) by extension 'cmake'
[0.212s] Level 1:colcon.colcon_core.package_identification:_identify(tracking_assets/models/generated) by extension 'python'
[0.212s] Level 1:colcon.colcon_core.package_identification:_identify(tracking_assets/models/generated) by extensions ['python_setup_py']
[0.212s] Level 1:colcon.colcon_core.package_identification:_identify(tracking_assets/models/generated) by extension 'python_setup_py'
[0.212s] Level 1:colcon.colcon_core.package_identification:_identify(tracking_assets/models/overhead_camera) by extensions ['ignore', 'ignore_ament_install']
[0.212s] Level 1:colcon.colcon_core.package_identification:_identify(tracking_assets/models/overhead_camera) by extension 'ignore'
[0.212s] Level 1:colcon.colcon_core.package_identification:_identify(tracking_assets/models/overhead_camera) by extension 'ignore_ament_install'
[0.212s] Level 1:colcon.colcon_core.package_identification:_identify(tracking_assets/models/overhead_camera) by extensions ['colcon_pkg']
[0.212s] Level 1:colcon.colcon_core.package_identification:_identify(tracking_assets/models/overhead_camera) by extension 'colcon_pkg'
[0.212s] Level 1:colcon.colcon_core.package_identification:_identify(tracking_assets/models/overhead_camera) by extensions ['colcon_meta']
[0.212s] Level 1:colcon.colcon_core.package_identification:_identify(tracking_assets/models/overhead_camera) by extension 'colcon_meta'
[0.212s] Level 1:colcon.colcon_core.package_identification:_identify(tracking_assets/models/overhead_camera) by extensions ['ros']
[0.212s] Level 1:colcon.colcon_core.package_identification:_identify(tracking_assets/models/overhead_camera) by extension 'ros'
[0.212s] Level 1:colcon.colcon_core.package_identification:_identify(tracking_assets/models/overhead_camera) by extensions ['cmake', 'python']
[0.212s] Level 1:colcon.colcon_core.package_identification:_identify(tracking_assets/models/overhead_camera) by extension 'cmake'
[0.212s] Level 1:colcon.colcon_core.package_identification:_identify(tracking_assets/models/overhead_camera) by extension 'python'
[0.212s] Level 1:colcon.colcon_core.package_identification:_identify(tracking_assets/models/overhead_camera) by extensions ['python_setup_py']
[0.212s] Level 1:colcon.colcon_core.package_identification:_identify(tracking_assets/models/overhead_camera) by extension 'python_setup_py'
[0.212s] Level 1:colcon.colcon_core.package_identification:_identify(tracking_assets/models/templates) by extensions ['ignore', 'ignore_ament_install']
[0.212s] Level 1:colcon.colcon_core.package_identification:_identify(tracking_assets/models/templates) by extension 'ignore'
[0.212s] Level 1:colcon.colcon_core.package_identification:_identify(tracking_assets/models/templates) by extension 'ignore_ament_install'
[0.212s] Level 1:colcon.colcon_core.package_identification:_identify(tracking_assets/models/templates) by extensions ['colcon_pkg']
[0.212s] Level 1:colcon.colcon_core.package_identification:_identify(tracking_assets/models/templates) by extension 'colcon_pkg'
[0.212s] Level 1:colcon.colcon_core.package_identification:_identify(tracking_assets/models/templates) by extensions ['colcon_meta']
[0.212s] Level 1:colcon.colcon_core.package_identification:_identify(tracking_assets/models/templates) by extension 'colcon_meta'
[0.212s] Level 1:colcon.colcon_core.package_identification:_identify(tracking_assets/models/templates) by extensions ['ros']
[0.212s] Level 1:colcon.colcon_core.package_identification:_identify(tracking_assets/models/templates) by extension 'ros'
[0.212s] Level 1:colcon.colcon_core.package_identification:_identify(tracking_assets/models/templates) by extensions ['cmake', 'python']
[0.212s] Level 1:colcon.colcon_core.package_identification:_identify(tracking_assets/models/templates) by extension 'cmake'
[0.212s] Level 1:colcon.colcon_core.package_identification:_identify(tracking_assets/models/templates) by extension 'python'
[0.212s] Level 1:colcon.colcon_core.package_identification:_identify(tracking_assets/models/templates) by extensions ['python_setup_py']
[0.212s] Level 1:colcon.colcon_core.package_identification:_identify(tracking_assets/models/templates) by extension 'python_setup_py'
[0.212s] Level 1:colcon.colcon_core.package_identification:_identify(tracking_assets/models/templates/turtlebot3_burger_apriltag) by extensions ['ignore', 'ignore_ament_install']
[0.212s] Level 1:colcon.colcon_core.package_identification:_identify(tracking_assets/models/templates/turtlebot3_burger_apriltag) by extension 'ignore'
[0.212s] Level 1:colcon.colcon_core.package_identification:_identify(tracking_assets/models/templates/turtlebot3_burger_apriltag) by extension 'ignore_ament_install'
[0.212s] Level 1:colcon.colcon_core.package_identification:_identify(tracking_assets/models/templates/turtlebot3_burger_apriltag) by extensions ['colcon_pkg']
[0.213s] Level 1:colcon.colcon_core.package_identification:_identify(tracking_assets/models/templates/turtlebot3_burger_apriltag) by extension 'colcon_pkg'
[0.213s] Level 1:colcon.colcon_core.package_identification:_identify(tracking_assets/models/templates/turtlebot3_burger_apriltag) by extensions ['colcon_meta']
[0.213s] Level 1:colcon.colcon_core.package_identification:_identify(tracking_assets/models/templates/turtlebot3_burger_apriltag) by extension 'colcon_meta'
[0.213s] Level 1:colcon.colcon_core.package_identification:_identify(tracking_assets/models/templates/turtlebot3_burger_apriltag) by extensions ['ros']
[0.213s] Level 1:colcon.colcon_core.package_identification:_identify(tracking_assets/models/templates/turtlebot3_burger_apriltag) by extension 'ros'
[0.213s] Level 1:colcon.colcon_core.package_identification:_identify(tracking_assets/models/templates/turtlebot3_burger_apriltag) by extensions ['cmake', 'python']
[0.213s] Level 1:colcon.colcon_core.package_identification:_identify(tracking_assets/models/templates/turtlebot3_burger_apriltag) by extension 'cmake'
[0.213s] Level 1:colcon.colcon_core.package_identification:_identify(tracking_assets/models/templates/turtlebot3_burger_apriltag) by extension 'python'
[0.213s] Level 1:colcon.colcon_core.package_identification:_identify(tracking_assets/models/templates/turtlebot3_burger_apriltag) by extensions ['python_setup_py']
[0.213s] Level 1:colcon.colcon_core.package_identification:_identify(tracking_assets/models/templates/turtlebot3_burger_apriltag) by extension 'python_setup_py'
[0.213s] Level 1:colcon.colcon_core.package_identification:_identify(tracking_assets/models/templates/turtlebot3_burger_aruco) by extensions ['ignore', 'ignore_ament_install']
[0.213s] Level 1:colcon.colcon_core.package_identification:_identify(tracking_assets/models/templates/turtlebot3_burger_aruco) by extension 'ignore'
[0.213s] Level 1:colcon.colcon_core.package_identification:_identify(tracking_assets/models/templates/turtlebot3_burger_aruco) by extension 'ignore_ament_install'
[0.213s] Level 1:colcon.colcon_core.package_identification:_identify(tracking_assets/models/templates/turtlebot3_burger_aruco) by extensions ['colcon_pkg']
[0.213s] Level 1:colcon.colcon_core.package_identification:_identify(tracking_assets/models/templates/turtlebot3_burger_aruco) by extension 'colcon_pkg'
[0.213s] Level 1:colcon.colcon_core.package_identification:_identify(tracking_assets/models/templates/turtlebot3_burger_aruco) by extensions ['colcon_meta']
[0.213s] Level 1:colcon.colcon_core.package_identification:_identify(tracking_assets/models/templates/turtlebot3_burger_aruco) by extension 'colcon_meta'
[0.213s] Level 1:colcon.colcon_core.package_identification:_identify(tracking_assets/models/templates/turtlebot3_burger_aruco) by extensions ['ros']
[0.213s] Level 1:colcon.colcon_core.package_identification:_identify(tracking_assets/models/templates/turtlebot3_burger_aruco) by extension 'ros'
[0.213s] Level 1:colcon.colcon_core.package_identification:_identify(tracking_assets/models/templates/turtlebot3_burger_aruco) by extensions ['cmake', 'python']
[0.213s] Level 1:colcon.colcon_core.package_identification:_identify(tracking_assets/models/templates/turtlebot3_burger_aruco) by extension 'cmake'
[0.213s] Level 1:colcon.colcon_core.package_identification:_identify(tracking_assets/models/templates/turtlebot3_burger_aruco) by extension 'python'
[0.213s] Level 1:colcon.colcon_core.package_identification:_identify(tracking_assets/models/templates/turtlebot3_burger_aruco) by extensions ['python_setup_py']
[0.213s] Level 1:colcon.colcon_core.package_identification:_identify(tracking_assets/models/templates/turtlebot3_burger_aruco) by extension 'python_setup_py'
[0.213s] Level 1:colcon.colcon_core.package_identification:_identify(tracking_assets/models/warehouse_world) by extensions ['ignore', 'ignore_ament_install']
[0.213s] Level 1:colcon.colcon_core.package_identification:_identify(tracking_assets/models/warehouse_world) by extension 'ignore'
[0.213s] Level 1:colcon.colcon_core.package_identification:_identify(tracking_assets/models/warehouse_world) by extension 'ignore_ament_install'
[0.213s] Level 1:colcon.colcon_core.package_identification:_identify(tracking_assets/models/warehouse_world) by extensions ['colcon_pkg']
[0.213s] Level 1:colcon.colcon_core.package_identification:_identify(tracking_assets/models/warehouse_world) by extension 'colcon_pkg'
[0.213s] Level 1:colcon.colcon_core.package_identification:_identify(tracking_assets/models/warehouse_world) by extensions ['colcon_meta']
[0.213s] Level 1:colcon.colcon_core.package_identification:_identify(tracking_assets/models/warehouse_world) by extension 'colcon_meta'
[0.213s] Level 1:colcon.colcon_core.package_identification:_identify(tracking_assets/models/warehouse_world) by extensions ['ros']
[0.213s] Level 1:colcon.colcon_core.package_identification:_identify(tracking_assets/models/warehouse_world) by extension 'ros'
[0.213s] Level 1:colcon.colcon_core.package_identification:_identify(tracking_assets/models/warehouse_world) by extensions ['cmake', 'python']
[0.213s] Level 1:colcon.colcon_core.package_identification:_identify(tracking_assets/models/warehouse_world) by extension 'cmake'
[0.213s] Level 1:colcon.colcon_core.package_identification:_identify(tracking_assets/models/warehouse_world) by extension 'python'
[0.213s] Level 1:colcon.colcon_core.package_identification:_identify(tracking_assets/models/warehouse_world) by extensions ['python_setup_py']
[0.213s] Level 1:colcon.colcon_core.package_identification:_identify(tracking_assets/models/warehouse_world) by extension 'python_setup_py'
[0.213s] Level 1:colcon.colcon_core.package_identification:_identify(tracking_assets/models/warehouse_world/meshes) by extensions ['ignore', 'ignore_ament_install']
[0.213s] Level 1:colcon.colcon_core.package_identification:_identify(tracking_assets/models/warehouse_world/meshes) by extension 'ignore'
[0.213s] Level 1:colcon.colcon_core.package_identification:_identify(tracking_assets/models/warehouse_world/meshes) by extension 'ignore_ament_install'
[0.213s] Level 1:colcon.colcon_core.package_identification:_identify(tracking_assets/models/warehouse_world/meshes) by extensions ['colcon_pkg']
[0.213s] Level 1:colcon.colcon_core.package_identification:_identify(tracking_assets/models/warehouse_world/meshes) by extension 'colcon_pkg'
[0.213s] Level 1:colcon.colcon_core.package_identification:_identify(tracking_assets/models/warehouse_world/meshes) by extensions ['colcon_meta']
[0.213s] Level 1:colcon.colcon_core.package_identification:_identify(tracking_assets/models/warehouse_world/meshes) by extension 'colcon_meta'
[0.213s] Level 1:colcon.colcon_core.package_identification:_identify(tracking_assets/models/warehouse_world/meshes) by extensions ['ros']
[0.213s] Level 1:colcon.colcon_core.package_identification:_identify(tracking_assets/models/warehouse_world/meshes) by extension 'ros'
[0.213s] Level 1:colcon.colcon_core.package_identification:_identify(tracking_assets/models/warehouse_world/meshes) by extensions ['cmake', 'python']
[0.213s] Level 1:colcon.colcon_core.package_identification:_identify(tracking_assets/models/warehouse_world/meshes) by extension 'cmake'
[0.213s] Level 1:colcon.colcon_core.package_identification:_identify(tracking_assets/models/warehouse_world/meshes) by extension 'python'
[0.213s] Level 1:colcon.colcon_core.package_identification:_identify(tracking_assets/models/warehouse_world/meshes) by extensions ['python_setup_py']
[0.214s] Level 1:colcon.colcon_core.package_identification:_identify(tracking_assets/models/warehouse_world/meshes) by extension 'python_setup_py'
[0.214s] Level 1:colcon.colcon_core.package_identification:_identify(tracking_assets/worlds) by extensions ['ignore', 'ignore_ament_install']
[0.214s] Level 1:colcon.colcon_core.package_identification:_identify(tracking_assets/worlds) by extension 'ignore'
[0.214s] Level 1:colcon.colcon_core.package_identification:_identify(tracking_assets/worlds) by extension 'ignore_ament_install'
[0.214s] Level 1:colcon.colcon_core.package_identification:_identify(tracking_assets/worlds) by extensions ['colcon_pkg']
[0.214s] Level 1:colcon.colcon_core.package_identification:_identify(tracking_assets/worlds) by extension 'colcon_pkg'
[0.214s] Level 1:colcon.colcon_core.package_identification:_identify(tracking_assets/worlds) by extensions ['colcon_meta']
[0.214s] Level 1:colcon.colcon_core.package_identification:_identify(tracking_assets/worlds) by extension 'colcon_meta'
[0.214s] Level 1:colcon.colcon_core.package_identification:_identify(tracking_assets/worlds) by extensions ['ros']
[0.214s] Level 1:colcon.colcon_core.package_identification:_identify(tracking_assets/worlds) by extension 'ros'
[0.214s] Level 1:colcon.colcon_core.package_identification:_identify(tracking_assets/worlds) by extensions ['cmake', 'python']
[0.214s] Level 1:colcon.colcon_core.package_identification:_identify(tracking_assets/worlds) by extension 'cmake'
[0.214s] Level 1:colcon.colcon_core.package_identification:_identify(tracking_assets/worlds) by extension 'python'
[0.214s] Level 1:colcon.colcon_core.package_identification:_identify(tracking_assets/worlds) by extensions ['python_setup_py']
[0.214s] Level 1:colcon.colcon_core.package_identification:_identify(tracking_assets/worlds) by extension 'python_setup_py'
[0.214s] Level 1:colcon.colcon_core.package_identification:_identify(tracking_bringup) by extensions ['ignore', 'ignore_ament_install']
[0.214s] Level 1:colcon.colcon_core.package_identification:_identify(tracking_bringup) by extension 'ignore'
[0.214s] Level 1:colcon.colcon_core.package_identification:_identify(tracking_bringup) by extension 'ignore_ament_install'
[0.214s] Level 1:colcon.colcon_core.package_identification:_identify(tracking_bringup) by extensions ['colcon_pkg']
[0.214s] Level 1:colcon.colcon_core.package_identification:_identify(tracking_bringup) by extension 'colcon_pkg'
[0.214s] Level 1:colcon.colcon_core.package_identification:_identify(tracking_bringup) by extensions ['colcon_meta']
[0.214s] Level 1:colcon.colcon_core.package_identification:_identify(tracking_bringup) by extension 'colcon_meta'
[0.214s] Level 1:colcon.colcon_core.package_identification:_identify(tracking_bringup) by extensions ['ros']
[0.214s] Level 1:colcon.colcon_core.package_identification:_identify(tracking_bringup) by extension 'ros'
[0.216s] DEBUG:colcon.colcon_core.package_identification:Package 'tracking_bringup' with type 'ros.ament_python' and name 'tracking_bringup'
[0.216s] Level 1:colcon.colcon_core.package_identification:_identify(tracking_evaluation) by extensions ['ignore', 'ignore_ament_install']
[0.216s] Level 1:colcon.colcon_core.package_identification:_identify(tracking_evaluation) by extension 'ignore'
[0.216s] Level 1:colcon.colcon_core.package_identification:_identify(tracking_evaluation) by extension 'ignore_ament_install'
[0.216s] Level 1:colcon.colcon_core.package_identification:_identify(tracking_evaluation) by extensions ['colcon_pkg']
[0.216s] Level 1:colcon.colcon_core.package_identification:_identify(tracking_evaluation) by extension 'colcon_pkg'
[0.216s] Level 1:colcon.colcon_core.package_identification:_identify(tracking_evaluation) by extensions ['colcon_meta']
[0.216s] Level 1:colcon.colcon_core.package_identification:_identify(tracking_evaluation) by extension 'colcon_meta'
[0.216s] Level 1:colcon.colcon_core.package_identification:_identify(tracking_evaluation) by extensions ['ros']
[0.216s] Level 1:colcon.colcon_core.package_identification:_identify(tracking_evaluation) by extension 'ros'
[0.217s] Level 1:colcon.colcon_core.package_identification:_identify(tracking_evaluation) by extensions ['cmake', 'python']
[0.217s] Level 1:colcon.colcon_core.package_identification:_identify(tracking_evaluation) by extension 'cmake'
[0.217s] Level 1:colcon.colcon_core.package_identification:_identify(tracking_evaluation) by extension 'python'
[0.217s] Level 1:colcon.colcon_core.package_identification:_identify(tracking_evaluation) by extensions ['python_setup_py']
[0.217s] Level 1:colcon.colcon_core.package_identification:_identify(tracking_evaluation) by extension 'python_setup_py'
[0.217s] Level 1:colcon.colcon_core.package_identification:_identify(tracking_interfaces) by extensions ['ignore', 'ignore_ament_install']
[0.217s] Level 1:colcon.colcon_core.package_identification:_identify(tracking_interfaces) by extension 'ignore'
[0.217s] Level 1:colcon.colcon_core.package_identification:_identify(tracking_interfaces) by extension 'ignore_ament_install'
[0.217s] Level 1:colcon.colcon_core.package_identification:_identify(tracking_interfaces) by extensions ['colcon_pkg']
[0.217s] Level 1:colcon.colcon_core.package_identification:_identify(tracking_interfaces) by extension 'colcon_pkg'
[0.217s] Level 1:colcon.colcon_core.package_identification:_identify(tracking_interfaces) by extensions ['colcon_meta']
[0.217s] Level 1:colcon.colcon_core.package_identification:_identify(tracking_interfaces) by extension 'colcon_meta'
[0.217s] Level 1:colcon.colcon_core.package_identification:_identify(tracking_interfaces) by extensions ['ros']
[0.217s] Level 1:colcon.colcon_core.package_identification:_identify(tracking_interfaces) by extension 'ros'
[0.217s] DEBUG:colcon.colcon_core.package_identification:Failed to parse potential ROS package manifest in'tracking_interfaces': Error(s) in package 'tracking_interfaces/package.xml':
The manifest contains invalid XML:
no element found: line 1, column 0
[0.217s] Level 1:colcon.colcon_core.package_identification:_identify(tracking_interfaces) by extensions ['cmake', 'python']
[0.217s] Level 1:colcon.colcon_core.package_identification:_identify(tracking_interfaces) by extension 'cmake'
[0.217s] Level 1:colcon.colcon_core.package_identification:_identify(tracking_interfaces) by extension 'python'
[0.217s] Level 1:colcon.colcon_core.package_identification:_identify(tracking_interfaces) by extensions ['python_setup_py']
[0.217s] Level 1:colcon.colcon_core.package_identification:_identify(tracking_interfaces) by extension 'python_setup_py'
[0.217s] Level 1:colcon.colcon_core.package_discovery:discover_packages(recursive) using defaults
[0.217s] Level 1:colcon.colcon_core.package_discovery:discover_packages(ignore) discover
[0.217s] Level 1:colcon.colcon_core.package_discovery:discover_packages(ignore) using defaults
[0.217s] Level 1:colcon.colcon_core.package_discovery:discover_packages(path) discover
[0.217s] Level 1:colcon.colcon_core.package_discovery:discover_packages(path) using defaults
[0.233s] Level 1:colcon.colcon_core.package_discovery:discover_packages(prefix_path) check parameters
[0.233s] Level 1:colcon.colcon_core.package_discovery:discover_packages(prefix_path) discover
[0.233s] Level 1:colcon.colcon_core.package_discovery:discover_packages(prefix_path) using defaults
[0.234s] Level 5:colcon.colcon_core.verb:set package 'tracking_bringup' build argument 'cmake_args' from command line to 'None'
[0.234s] Level 5:colcon.colcon_core.verb:set package 'tracking_bringup' build argument 'cmake_target' from command line to 'None'
[0.234s] Level 5:colcon.colcon_core.verb:set package 'tracking_bringup' build argument 'cmake_target_skip_unavailable' from command line to 'False'
[0.234s] Level 5:colcon.colcon_core.verb:set package 'tracking_bringup' build argument 'cmake_clean_cache' from command line to 'False'
[0.234s] Level 5:colcon.colcon_core.verb:set package 'tracking_bringup' build argument 'cmake_clean_first' from command line to 'False'
[0.234s] Level 5:colcon.colcon_core.verb:set package 'tracking_bringup' build argument 'cmake_force_configure' from command line to 'False'
[0.234s] Level 5:colcon.colcon_core.verb:set package 'tracking_bringup' build argument 'ament_cmake_args' from command line to 'None'
[0.234s] Level 5:colcon.colcon_core.verb:set package 'tracking_bringup' build argument 'catkin_cmake_args' from command line to 'None'
[0.234s] Level 5:colcon.colcon_core.verb:set package 'tracking_bringup' build argument 'catkin_skip_building_tests' from command line to 'False'
[0.234s] DEBUG:colcon.colcon_core.verb:Building package 'tracking_bringup' with the following arguments: {'ament_cmake_args': None, 'build_base': '/home/katya/wspace/src/build/tracking_bringup', 'catkin_cmake_args': None, 'catkin_skip_building_tests': False, 'cmake_args': None, 'cmake_clean_cache': False, 'cmake_clean_first': False, 'cmake_force_configure': False, 'cmake_target': None, 'cmake_target_skip_unavailable': False, 'install_base': '/home/katya/wspace/src/install/tracking_bringup', 'merge_install': False, 'path': '/home/katya/wspace/src/tracking_bringup', 'symlink_install': False, 'test_result_base': None}
[0.234s] INFO:colcon.colcon_core.executor:Executing jobs using 'parallel' executor
[0.235s] DEBUG:colcon.colcon_parallel_executor.executor.parallel:run_until_complete
[0.235s] INFO:colcon.colcon_ros.task.ament_python.build:Building ROS package in '/home/katya/wspace/src/tracking_bringup' with build type 'ament_python'
[0.235s] Level 1:colcon.colcon_core.shell:create_environment_hook('tracking_bringup', 'ament_prefix_path')
[0.237s] INFO:colcon.colcon_core.plugin_system:Skipping extension 'colcon_core.shell.bat': Not used on non-Windows systems
[0.237s] INFO:colcon.colcon_core.shell:Creating environment hook '/home/katya/wspace/src/install/tracking_bringup/share/tracking_bringup/hook/ament_prefix_path.ps1'
[0.237s] INFO:colcon.colcon_core.shell:Creating environment descriptor '/home/katya/wspace/src/install/tracking_bringup/share/tracking_bringup/hook/ament_prefix_path.dsv'
[0.238s] INFO:colcon.colcon_core.shell:Creating environment hook '/home/katya/wspace/src/install/tracking_bringup/share/tracking_bringup/hook/ament_prefix_path.sh'
[0.238s] INFO:colcon.colcon_core.shell:Skip shell extension 'powershell' for command environment: Not usable outside of PowerShell
[0.238s] DEBUG:colcon.colcon_core.shell:Skip shell extension 'dsv' for command environment
[0.240s] WARNING:colcon.colcon_ros.task.ament_python.build:Package 'tracking_bringup' doesn't explicitly install a marker in the package index (colcon-ros currently does it implicitly but that fallback will be removed in the future)
[0.240s] WARNING:colcon.colcon_ros.task.ament_python.build:Package 'tracking_bringup' doesn't explicitly install the 'package.xml' file (colcon-ros currently does it implicitly but that fallback will be removed in the future)
[0.240s] INFO:colcon.colcon_core.task.python.build:Building Python package in '/home/katya/wspace/src/tracking_bringup'
[0.240s] INFO:colcon.colcon_core.shell:Skip shell extension 'powershell' for command environment: Not usable outside of PowerShell
[0.240s] DEBUG:colcon.colcon_core.shell:Skip shell extension 'dsv' for command environment
[0.271s] DEBUG:colcon.colcon_parallel_executor.executor.parallel:closing loop
[0.271s] DEBUG:colcon.colcon_parallel_executor.executor.parallel:loop closed
[0.271s] DEBUG:colcon.colcon_parallel_executor.executor.parallel:run_until_complete finished with 'Expected ['/usr/bin/python3', '-W', 'ignore:setup.py install is deprecated', '-W', 'ignore:easy_install command is deprecated', 'setup.py', '--help-commands'] to pass: /usr/bin/python3: can't open file '/home/katya/wspace/src/tracking_bringup/setup.py': [Errno 2] No such file or directory
'
[0.271s] DEBUG:colcon.colcon_core.event_reactor:joining thread
[0.279s] INFO:colcon.colcon_core.plugin_system:Skipping extension 'colcon_notification.desktop_notification.terminal_notifier': Not used on non-Darwin systems
[0.279s] INFO:colcon.colcon_core.plugin_system:Skipping extension 'colcon_notification.desktop_notification.win32': Not used on non-Windows systems
[0.280s] INFO:colcon.colcon_notification.desktop_notification:Sending desktop notification using 'notify2'
[0.300s] DEBUG:colcon.colcon_core.event_reactor:joined thread
[0.301s] INFO:colcon.colcon_core.shell:Creating prefix script '/home/katya/wspace/src/install/local_setup.ps1'
[0.302s] INFO:colcon.colcon_core.shell:Creating prefix util module '/home/katya/wspace/src/install/_local_setup_util_ps1.py'
[0.303s] INFO:colcon.colcon_core.shell:Creating prefix chain script '/home/katya/wspace/src/install/setup.ps1'
[0.303s] INFO:colcon.colcon_core.shell:Creating prefix script '/home/katya/wspace/src/install/local_setup.sh'
[0.304s] INFO:colcon.colcon_core.shell:Creating prefix util module '/home/katya/wspace/src/install/_local_setup_util_sh.py'
[0.304s] INFO:colcon.colcon_core.shell:Creating prefix chain script '/home/katya/wspace/src/install/setup.sh'
[0.305s] INFO:colcon.colcon_core.shell:Creating prefix script '/home/katya/wspace/src/install/local_setup.bash'
[0.306s] INFO:colcon.colcon_core.shell:Creating prefix chain script '/home/katya/wspace/src/install/setup.bash'
[0.307s] INFO:colcon.colcon_core.shell:Creating prefix script '/home/katya/wspace/src/install/local_setup.zsh'
[0.308s] INFO:colcon.colcon_core.shell:Creating prefix chain script '/home/katya/wspace/src/install/setup.zsh'
